<?xml version="1.0" encoding="UTF-8"?>
<testsuite name="com.megait.mymall.AntTests" tests="1" skipped="0" failures="0" errors="0" timestamp="2022-07-31T11:48:06" hostname="macui-MacBookPro.local" time="0.084">
  <properties/>
  <testcase name="antStylePatternTest()" classname="com.megait.mymall.AntTests" time="0.084"/>
  <system-out><![CDATA[]]></system-out>
  <system-err><![CDATA[]]></system-err>
</testsuite>
